#
# A fatal error has been detected by the Java Runtime Environment:
#
#  EXCEPTION_ACCESS_VIOLATION (0xc0000005) at pc=0x77c9e41b, pid=4804, tid=1964
#
# JRE version: 6.0_32-b05
# Java VM: Java HotSpot(TM) Client VM (20.7-b02 mixed mode, sharing windows-x86 )
# Problematic frame:
# C  [ntdll.dll+0x2e41b]
#
# If you would like to submit a bug report, please visit:
#   http://java.sun.com/webapps/bugreport/crash.jsp
# The crash happened outside the Java Virtual Machine in native code.
# See problematic frame for where to report the bug.
#

---------------  T H R E A D  ---------------

Current thread (0x05809800):  JavaThread "AWT-EventQueue-0" [_thread_in_native, id=1964, stack(0x05f10000,0x05f60000)]

siginfo: ExceptionCode=0xc0000005, writing address 0x63c13c61

Registers:
EAX=0x63c13c61, EBX=0xec09000b, ECX=0x00000fef, EDX=0x00000000
ESP=0x05f5e188, EBP=0x05f5e1bc, ESI=0x0c79c5c8, EDI=0xec090000
EIP=0x77c9e41b, EFLAGS=0x00010202

Top of Stack: (sp=0x05f5e188)
0x05f5e188:   00000000 064c0000 0b1f6050 77ce71d5
0x05f5e198:   025b1b86 0000000a 0000000b 77ca3cee
0x05f5e1a8:   000000a7 000000b0 8c000000 00000001
0x05f5e1b8:   0b1f6048 05f5e1d4 77c9e023 0b1f6050
0x05f5e1c8:   064c4798 0b1f6050 0b1f6048 05f5e1e8
0x05f5e1d8:   763d14dd 064c0000 00000000 0b1f6050
0x05f5e1e8:   05f5e228 1000aedd 064c0000 00000000
0x05f5e1f8:   0b1f6050 3e5c8fb2 064c4798 000000a7 

Instructions: (pc=0x77c9e41b)
0x77c9e3fb:   08 2b 7d f4 33 c0 c1 ef 03 0f a4 f8 10 c1 e7 10
0x77c9e40b:   c1 ea 10 0b df 0b c8 8b 06 c7 45 f8 01 00 00 00
0x77c9e41b:   89 30 8b 45 e0 8b 55 e4 8d 7e 08 f0 0f c7 0f 3b
0x77c9e42b:   45 e0 0f 85 48 6d 03 00 3b 55 e4 0f 85 3f 6d 03 


Register to memory mapping:

EAX=0x63c13c61 is an unknown value
EBX=0xec09000b is an unknown value
ECX=0x00000fef is an unknown value
EDX=0x00000000 is an unknown value
ESP=0x05f5e188 is pointing into the stack for thread: 0x05809800
EBP=0x05f5e1bc is pointing into the stack for thread: 0x05809800
ESI=0x0c79c5c8 is an unknown value
EDI=0xec090000 is an unknown value


Stack: [0x05f10000,0x05f60000],  sp=0x05f5e188,  free space=312k
Native frames: (J=compiled Java code, j=interpreted, Vv=VM code, C=native code)
C  [ntdll.dll+0x2e41b]  RtlInitUnicodeString+0x1f3
C  [ntdll.dll+0x2e023]  RtlFreeHeap+0x7e
C  [kernel32.dll+0x114dd]  HeapFree+0x14
C  [sbojni.dll+0xaedd]  Java_com_sap_smb_sbo_wrapper_com_Variant_putString+0x9dd

Java frames: (J=compiled Java code, j=interpreted, Vv=VM code)
j  com.sap.smb.sbo.wrapper.com.Dispatch.invokev(Ljava/lang/Object;Ljava/lang/String;III[Lcom/sap/smb/sbo/wrapper/com/Variant;[I)Lcom/sap/smb/sbo/wrapper/com/Variant;+0
j  com.sap.smb.sbo.wrapper.com.Dispatch.invokev(Ljava/lang/Object;Ljava/lang/String;I[Lcom/sap/smb/sbo/wrapper/com/Variant;[I)Lcom/sap/smb/sbo/wrapper/com/Variant;+27
j  com.sap.smb.sbo.wrapper.com.Dispatch.callN(Ljava/lang/Object;Ljava/lang/String;[Ljava/lang/Object;)Lcom/sap/smb/sbo/wrapper/com/Variant;+11
j  com.sap.smb.sbo.wrapper.com.Dispatch.call(Ljava/lang/Object;Ljava/lang/String;Ljava/lang/Object;)Lcom/sap/smb/sbo/wrapper/com/Variant;+10
j  com.sap.smb.sbo.api.Company.getBusinessObject(Ljava/lang/Integer;)Ljava/lang/Object;+7
j  com.sap.smb.sbo.api.SBOCOMUtil.newDocuments(Lcom/sap/smb/sbo/api/ICompany;Ljava/lang/Integer;)Lcom/sap/smb/sbo/api/IDocuments;+2
j  erp.ws.sbo.client.swing.dao.impl.OignDoc.create(Lerp/ws/sbo/client/swing/view/Oign/OignView;)V+37
j  erp.ws.sbo.client.swing.dao.impl.OignDoc.create(Ljava/lang/Object;)V+5
J  erp.ws.sbo.client.swing.controller.OignsController.actionPerformed(Ljava/awt/event/ActionEvent;)V
j  javax.swing.AbstractButton.fireActionPerformed(Ljava/awt/event/ActionEvent;)V+84
j  javax.swing.AbstractButton$Handler.actionPerformed(Ljava/awt/event/ActionEvent;)V+5
j  javax.swing.DefaultButtonModel.fireActionPerformed(Ljava/awt/event/ActionEvent;)V+35
j  javax.swing.DefaultButtonModel.setPressed(Z)V+117
j  javax.swing.plaf.basic.BasicButtonListener.mouseReleased(Ljava/awt/event/MouseEvent;)V+35
j  java.awt.Component.processMouseEvent(Ljava/awt/event/MouseEvent;)V+64
j  javax.swing.JComponent.processMouseEvent(Ljava/awt/event/MouseEvent;)V+23
J  java.awt.Component.processEvent(Ljava/awt/AWTEvent;)V
J  java.awt.Container.processEvent(Ljava/awt/AWTEvent;)V
J  java.awt.Component.dispatchEventImpl(Ljava/awt/AWTEvent;)V
J  java.awt.Container.dispatchEventImpl(Ljava/awt/AWTEvent;)V
J  java.awt.LightweightDispatcher.retargetMouseEvent(Ljava/awt/Component;ILjava/awt/event/MouseEvent;)V
J  java.awt.LightweightDispatcher.processMouseEvent(Ljava/awt/event/MouseEvent;)Z
J  java.awt.LightweightDispatcher.dispatchEvent(Ljava/awt/AWTEvent;)Z
J  java.awt.Container.dispatchEventImpl(Ljava/awt/AWTEvent;)V
J  java.awt.Window.dispatchEventImpl(Ljava/awt/AWTEvent;)V
J  java.awt.EventQueue.dispatchEventImpl(Ljava/awt/AWTEvent;Ljava/lang/Object;)V
J  java.awt.EventQueue$1.run()Ljava/lang/Object;
v  ~StubRoutines::call_stub
J  java.security.AccessController.doPrivileged(Ljava/security/PrivilegedAction;Ljava/security/AccessControlContext;)Ljava/lang/Object;
J  java.security.AccessControlContext$1.doIntersectionPrivilege(Ljava/security/PrivilegedAction;Ljava/security/AccessControlContext;Ljava/security/AccessControlContext;)Ljava/lang/Object;
J  java.awt.EventQueue$2.run()Ljava/lang/Object;
v  ~StubRoutines::call_stub
J  java.security.AccessController.doPrivileged(Ljava/security/PrivilegedAction;Ljava/security/AccessControlContext;)Ljava/lang/Object;
J  java.awt.EventQueue.dispatchEvent(Ljava/awt/AWTEvent;)V
J  java.awt.EventDispatchThread.pumpOneEventForFilters(I)Z
J  java.awt.EventDispatchThread.pumpEventsForFilter(ILjava/awt/Conditional;Ljava/awt/EventFilter;)V
j  java.awt.EventDispatchThread.pumpEventsForHierarchy(ILjava/awt/Conditional;Ljava/awt/Component;)V+11
j  java.awt.EventDispatchThread.pumpEvents(ILjava/awt/Conditional;)V+4
j  java.awt.EventDispatchThread.pumpEvents(Ljava/awt/Conditional;)V+3
j  java.awt.EventDispatchThread.run()V+9
v  ~StubRoutines::call_stub

---------------  P R O C E S S  ---------------

Java Threads: ( => current thread )
  0x04b77400 JavaThread "TimerQueue" daemon [_thread_blocked, id=3384, stack(0x05fa0000,0x05ff0000)]
  0x0029b400 JavaThread "DestroyJavaVM" [_thread_blocked, id=4712, stack(0x002a0000,0x002f0000)]
=>0x05809800 JavaThread "AWT-EventQueue-0" [_thread_in_native, id=1964, stack(0x05f10000,0x05f60000)]
  0x0580c800 JavaThread "AWT-Shutdown" [_thread_blocked, id=4764, stack(0x05530000,0x05580000)]
  0x04a58800 JavaThread "AWT-Windows" daemon [_thread_in_native, id=4580, stack(0x055c0000,0x05610000)]
  0x056dd400 JavaThread "Java2D Disposer" daemon [_thread_blocked, id=4784, stack(0x054a0000,0x054f0000)]
  0x02434400 JavaThread "Low Memory Detector" daemon [_thread_blocked, id=5048, stack(0x04950000,0x049a0000)]
  0x02432c00 JavaThread "C1 CompilerThread0" daemon [_thread_blocked, id=4772, stack(0x048c0000,0x04910000)]
  0x02431c00 JavaThread "Attach Listener" daemon [_thread_blocked, id=3516, stack(0x04830000,0x04880000)]
  0x0242ec00 JavaThread "Signal Dispatcher" daemon [_thread_blocked, id=1880, stack(0x047a0000,0x047f0000)]
  0x02424000 JavaThread "Finalizer" daemon [_thread_blocked, id=4384, stack(0x04710000,0x04760000)]
  0x0241f000 JavaThread "Reference Handler" daemon [_thread_blocked, id=3184, stack(0x04680000,0x046d0000)]

Other Threads:
  0x023e2c00 VMThread [stack: 0x045f0000,0x04640000] [id=2012]
  0x0244c800 WatcherThread [stack: 0x049e0000,0x04a30000] [id=5024]

VM state:not at safepoint (normal execution)

VM Mutex/Monitor currently owned by a thread: None

Heap
 def new generation   total 22336K, used 3729K [0x24490000, 0x25cc0000, 0x299e0000)
  eden space 19904K,  16% used [0x24490000, 0x247b6928, 0x25800000)
  from space 2432K,  20% used [0x25800000, 0x2587de00, 0x25a60000)
  to   space 2432K,   0% used [0x25a60000, 0x25a60000, 0x25cc0000)
 tenured generation   total 49400K, used 31725K [0x299e0000, 0x2ca1e000, 0x34490000)
   the space 49400K,  64% used [0x299e0000, 0x2b8db780, 0x2b8db800, 0x2ca1e000)
 compacting perm gen  total 21760K, used 21603K [0x34490000, 0x359d0000, 0x38490000)
   the space 21760K,  99% used [0x34490000, 0x359a8e70, 0x359a9000, 0x359d0000)
    ro space 10240K,  54% used [0x38490000, 0x38a0ee18, 0x38a0f000, 0x38e90000)
    rw space 12288K,  55% used [0x38e90000, 0x395327d8, 0x39532800, 0x39a90000)

Code Cache  [0x024b0000, 0x02a98000, 0x044b0000)
 total_blobs=2982 nmethods=2743 adapters=172 free_code_cache=27383552 largest_free_block=128

Dynamic libraries:
0x00400000 - 0x00425000 	D:\Program Files (x86)\Java\jdk1.6.0_32\bin\javaw.exe
0x77c70000 - 0x77df0000 	C:\Windows\SysWOW64\ntdll.dll
0x763c0000 - 0x764d0000 	C:\Windows\syswow64\kernel32.dll
0x761d0000 - 0x76216000 	C:\Windows\syswow64\KERNELBASE.dll
0x73ca0000 - 0x73cb8000 	C:\Windows\system32\tsappcmp.dll
0x774c0000 - 0x7756c000 	C:\Windows\syswow64\msvcrt.dll
0x75d50000 - 0x75e50000 	C:\Windows\syswow64\USER32.dll
0x75b70000 - 0x75c00000 	C:\Windows\syswow64\GDI32.dll
0x76220000 - 0x7622a000 	C:\Windows\syswow64\LPK.dll
0x76230000 - 0x762cd000 	C:\Windows\syswow64\USP10.dll
0x764d0000 - 0x76570000 	C:\Windows\syswow64\ADVAPI32.dll
0x760c0000 - 0x760d9000 	C:\Windows\SysWOW64\sechost.dll
0x762d0000 - 0x763c0000 	C:\Windows\syswow64\RPCRT4.dll
0x757d0000 - 0x75830000 	C:\Windows\syswow64\SspiCli.dll
0x757c0000 - 0x757cc000 	C:\Windows\syswow64\CRYPTBASE.dll
0x771e0000 - 0x7733c000 	C:\Windows\syswow64\ole32.dll
0x77460000 - 0x774c0000 	C:\Windows\system32\IMM32.DLL
0x75e50000 - 0x75f1c000 	C:\Windows\syswow64\MSCTF.dll
0x7c340000 - 0x7c396000 	D:\Program Files (x86)\Java\jdk1.6.0_32\jre\bin\msvcr71.dll
0x6d8c0000 - 0x6db6f000 	D:\Program Files (x86)\Java\jdk1.6.0_32\jre\bin\client\jvm.dll
0x753d0000 - 0x75402000 	C:\Windows\system32\WINMM.dll
0x73320000 - 0x7336c000 	C:\Windows\system32\apphelp.dll
0x6d870000 - 0x6d87c000 	D:\Program Files (x86)\Java\jdk1.6.0_32\jre\bin\verify.dll
0x6d3d0000 - 0x6d3ef000 	D:\Program Files (x86)\Java\jdk1.6.0_32\jre\bin\java.dll
0x6d8b0000 - 0x6d8bf000 	D:\Program Files (x86)\Java\jdk1.6.0_32\jre\bin\zip.dll
0x6d6b0000 - 0x6d6c3000 	D:\Program Files (x86)\Java\jdk1.6.0_32\jre\bin\net.dll
0x77830000 - 0x77865000 	C:\Windows\syswow64\WS2_32.dll
0x77c40000 - 0x77c46000 	C:\Windows\syswow64\NSI.dll
0x74f50000 - 0x74f8c000 	C:\Windows\system32\mswsock.dll
0x73e40000 - 0x73e46000 	C:\Windows\System32\wship6.dll
0x732c0000 - 0x732c5000 	C:\Windows\System32\wshtcpip.dll
0x73370000 - 0x73386000 	C:\Windows\system32\CRYPTSP.dll
0x73270000 - 0x732ab000 	C:\Windows\system32\rsaenh.dll
0x75540000 - 0x75557000 	C:\Windows\system32\USERENV.dll
0x75530000 - 0x7553b000 	C:\Windows\system32\profapi.dll
0x733b0000 - 0x733c0000 	C:\Windows\system32\NLAapi.dll
0x733a0000 - 0x733b0000 	C:\Windows\system32\napinsp.dll
0x74f00000 - 0x74f44000 	C:\Windows\system32\DNSAPI.dll
0x73390000 - 0x73398000 	C:\Windows\System32\winrnr.dll
0x75420000 - 0x7543c000 	C:\Windows\system32\IPHLPAPI.DLL
0x75410000 - 0x75417000 	C:\Windows\system32\WINNSI.DLL
0x732d0000 - 0x732d6000 	C:\Windows\system32\rasadhlp.dll
0x732e0000 - 0x73318000 	C:\Windows\System32\fwpuclnt.dll
0x6d850000 - 0x6d858000 	D:\Program Files (x86)\Java\jdk1.6.0_32\jre\bin\sunmscapi.dll
0x77340000 - 0x7745d000 	C:\Windows\syswow64\CRYPT32.dll
0x75f20000 - 0x75f2c000 	C:\Windows\syswow64\MSASN1.dll
0x6d0b0000 - 0x6d1fc000 	D:\Program Files (x86)\Java\jdk1.6.0_32\jre\bin\awt.dll
0x73510000 - 0x73561000 	C:\Windows\system32\WINSPOOL.DRV
0x75050000 - 0x751ee000 	C:\Windows\WinSxS\x86_microsoft.windows.common-controls_6595b64144ccf1df_6.0.7601.17514_none_41e6975e2bd6f2b2\COMCTL32.dll
0x75830000 - 0x75887000 	C:\Windows\syswow64\SHLWAPI.dll
0x733c0000 - 0x733d3000 	C:\Windows\system32\DWMAPI.DLL
0x05e90000 - 0x05f06000 	D:\Program Files (x86)\360\360Safe\safemon\safemon.dll
0x76570000 - 0x771ba000 	C:\Windows\syswow64\SHELL32.dll
0x77570000 - 0x775ff000 	C:\Windows\syswow64\OLEAUT32.dll
0x6fae0000 - 0x6fb46000 	C:\Windows\system32\MSVCP60.dll
0x75fb0000 - 0x760a5000 	C:\Windows\syswow64\WININET.dll
0x75c10000 - 0x75d47000 	C:\Windows\syswow64\urlmon.dll
0x75970000 - 0x75b6e000 	C:\Windows\syswow64\iertutil.dll
0x760b0000 - 0x760b5000 	C:\Windows\syswow64\PSAPI.DLL
0x75570000 - 0x75579000 	C:\Windows\system32\VERSION.dll
0x6d2e0000 - 0x6d32f000 	D:\Program Files (x86)\Java\jdk1.6.0_32\jre\bin\fontmanager.dll
0x6d6d0000 - 0x6d6d9000 	D:\Program Files (x86)\Java\jdk1.6.0_32\jre\bin\nio.dll
0x758e0000 - 0x75963000 	C:\Windows\syswow64\CLBCatQ.DLL
0x10000000 - 0x10026000 	D:\Program Files (x86)\SAP\SAP Business One DI API\JCO\LIB\sbojni.dll
0x753c0000 - 0x753ce000 	C:\Windows\system32\RpcRtRemote.dll
0x72ff0000 - 0x73070000 	C:\Windows\system32\UxTheme.dll
0x06720000 - 0x07091000 	D:\Program Files (x86)\SAP\SAP Business One DI API\DI API 88\SAPbobsCOM88.dll
0x070a0000 - 0x0711c000 	D:\Program Files (x86)\SAP\SAP Business One DI API\DI API 88\B1Zipper88.dll
0x73780000 - 0x7381b000 	C:\Windows\WinSxS\x86_microsoft.vc80.crt_1fc8b3b9a1e18e3b_8.0.50727.4940_none_d08cc06a442b34fc\MSVCR80.dll
0x736f0000 - 0x73777000 	C:\Windows\WinSxS\x86_microsoft.vc80.crt_1fc8b3b9a1e18e3b_8.0.50727.4940_none_d08cc06a442b34fc\MSVCP80.dll
0x07120000 - 0x073a7000 	D:\Program Files (x86)\SAP\SAP Business One DI API\DI API 88\Int_Fields88.dll
0x736d0000 - 0x736e2000 	C:\Windows\system32\MPR.dll
0x73640000 - 0x736cc000 	C:\Windows\system32\ODBC32.dll
0x073b0000 - 0x075b5000 	D:\Program Files (x86)\SAP\SAP Business One DI API\DI API 88\xerces-c_2_4_0.dll
0x066d0000 - 0x066df000 	D:\Program Files (x86)\SAP\SAP Business One DI API\DI API 88\SchemaGenerator88.dll
0x73600000 - 0x73638000 	C:\Windows\system32\odbcint.dll
0x71d90000 - 0x71def000 	C:\Windows\system32\SXS.DLL
0x6ecf0000 - 0x6ed07000 	C:\Windows\system32\bcrypt.dll
0x6ecb0000 - 0x6eced000 	C:\Windows\SysWOW64\bcryptprimitives.dll
0x07e00000 - 0x0801e000 	C:\Windows\SysWOW64\sqlncli.dll
0x75f30000 - 0x75fab000 	C:\Windows\syswow64\comdlg32.dll
0x75490000 - 0x754a1000 	C:\Windows\SysWOW64\NETAPI32.dll
0x75480000 - 0x75489000 	C:\Windows\SysWOW64\netutils.dll
0x75460000 - 0x75479000 	C:\Windows\SysWOW64\srvcli.dll
0x75450000 - 0x7545f000 	C:\Windows\SysWOW64\wkscli.dll
0x71a60000 - 0x71a68000 	C:\Windows\system32\secur32.dll
0x6f7b0000 - 0x6f7b8000 	C:\Windows\system32\credssp.dll
0x6e900000 - 0x6e988000 	C:\Windows\SysWOW64\Kerberos.DLL
0x6f790000 - 0x6f7a1000 	C:\Windows\system32\cryptdll.dll
0x6e8b0000 - 0x6e8f2000 	C:\Windows\SysWOW64\msv1_0.DLL
0x73de0000 - 0x73e02000 	C:\Windows\system32\LOGONCLI.DLL
0x6e870000 - 0x6e8aa000 	C:\Windows\SysWOW64\schannel.dll
0x6ed50000 - 0x6ed88000 	C:\Windows\system32\ncrypt.dll
0x08500000 - 0x0a013000 	C:\Users\Administrator\AppData\Local\Temp\1\SM_OBS_DLL\880238\ObserverDLL_880238.dll
0x08270000 - 0x082a3000 	C:\Windows\SysWOW64\SQLNCLIR.RLL
0x6eef0000 - 0x6ef08000 	C:\Windows\system32\ntdsapi.dll
0x6f780000 - 0x6f783000 	C:\Windows\system32\security.dll

VM Arguments:
jvm_args: -Dfile.encoding=GBK 
java_command: erp.ws.sbo.client.swing.app.appMain
Launcher Type: SUN_STANDARD

Environment Variables:
JAVA_HOME=D:\Program Files (x86)\Java\jdk1.6.0_32
CLASSPATH=D:\Program Files (x86)\SAP\SAP Business One DI API\JCO\LIB\sbowrapper.jar;D:\Program Files (x86)\SAP\SAP Business One DI API\JCO\LIB\sboapi.jar;.;D:\Program Files (x86)\Java\jdk1.6.0_32\lib\dt.jar;D:\Program Files (x86)\Java\jdk1.6.0_32\lib\tools.jar;
PATH=d:\Program Files (x86)\SAP\SAP Business One DI API\JCO\LIB\;D:\Program Files (x86)\SAP\SAP Business One\;D:\Program Files (x86)\Java\jdk1.6.0_32\bin;C:\windows\system32\
USERNAME=Administrator
OS=Windows_NT
PROCESSOR_IDENTIFIER=Intel64 Family 6 Model 58 Stepping 9, GenuineIntel



---------------  S Y S T E M  ---------------

OS: Windows NT 6.1 , 64 bit Build 7601 Service Pack 1

CPU:total 2 (1 cores per cpu, 1 threads per core) family 6 model 58 stepping 9, cmov, cx8, fxsr, mmx, sse, sse2, sse3, ssse3, sse4.1, sse4.2, popcnt

Memory: 4k page, physical 4193784k(548808k free), swap 8385716k(3553424k free)

vm_info: Java HotSpot(TM) Client VM (20.7-b02) for windows-x86 JRE (1.6.0_32-b05), built on Apr  5 2012 13:50:34 by "java_re" with MS VC++ 7.1 (VS2003)

time: Sat Dec 12 18:41:46 2015
elapsed time: 1608 seconds

